{
    "rows_returned": 100,
    "latency": 21.119848096,
    "result_set_size": 2400,
    "cumulative_rows_scanned": 390183849,
    "cumulative_cardinality": 630137245,
    "extra_info": {},
    "cpu_time": 19.938816390999712,
    "blocked_thread_time": 0.0,
    "query_name": "select\n        s_name,\n        count(*) as numwait\nfrom\n        supplier,\n        lineitem l1,\n        orders,\n        nation\nwhere\n        s_suppkey = l1.l_suppkey\n        and o_orderkey = l1.l_orderkey\n        and o_orderstatus = 'F'\n        and l1.l_receiptdate > l1.l_commitdate\n        and exists (\n                select\n                        *\n                from\n                        lineitem l2\n                where\n                        l2.l_orderkey = l1.l_orderkey\n                        and l2.l_suppkey <> l1.l_suppkey\n        )\n        and not exists (\n                select\n                        *\n                from\n                        lineitem l3\n                where\n                        l3.l_orderkey = l1.l_orderkey\n                        and l3.l_suppkey <> l1.l_suppkey\n                        and l3.l_receiptdate > l3.l_commitdate\n        )\n        and s_nationkey = n_nationkey\n        and n_name = 'SAUDI ARABIA'\ngroup by\n        s_name\norder by\n        numwait desc,\n        s_name\nlimit\n        100;",
    "children": [
        {
            "result_set_size": 2400,
            "operator_timing": 0.000616962,
            "operator_rows_scanned": 0,
            "cumulative_rows_scanned": 390183849,
            "operator_cardinality": 100,
            "operator_type": "TOP_N",
            "cumulative_cardinality": 630137245,
            "extra_info": {
                "Top": "100",
                "Order By": [
                    "count_star() DESC",
                    "supplier.s_name ASC"
                ]
            },
            "cpu_time": 19.938816390999712,
            "children": [
                {
                    "result_set_size": 191616,
                    "operator_timing": 0.004939603,
                    "operator_rows_scanned": 0,
                    "cumulative_rows_scanned": 390183849,
                    "operator_cardinality": 7984,
                    "operator_type": "HASH_GROUP_BY",
                    "cumulative_cardinality": 630137145,
                    "extra_info": {
                        "Groups": "#0",
                        "Aggregates": "count_star()",
                        "Estimated Cardinality": "592414096852090"
                    },
                    "cpu_time": 19.938199428999713,
                    "children": [
                        {
                            "result_set_size": 1271456,
                            "operator_timing": 0.000015205,
                            "operator_rows_scanned": 0,
                            "cumulative_rows_scanned": 390183849,
                            "operator_cardinality": 79466,
                            "operator_type": "PROJECTION",
                            "cumulative_cardinality": 630129161,
                            "extra_info": {
                                "Projections": "s_name",
                                "Estimated Cardinality": "1184828193704181"
                            },
                            "cpu_time": 19.933259825999713,
                            "children": [
                                {
                                    "result_set_size": 0,
                                    "operator_timing": 0.18063843200000007,
                                    "operator_rows_scanned": 0,
                                    "cumulative_rows_scanned": 390183849,
                                    "operator_cardinality": 0,
                                    "operator_type": "RIGHT_DELIM_JOIN",
                                    "cumulative_cardinality": 630049695,
                                    "extra_info": {
                                        "Join Type": "RIGHT_ANTI",
                                        "Conditions": [
                                            "l_orderkey IS NOT DISTINCT FROM l_orderkey",
                                            "l_suppkey IS NOT DISTINCT FROM l_suppkey"
                                        ],
                                        "Estimated Cardinality": "1184828193704181",
                                        "Delim Index": "2"
                                    },
                                    "cpu_time": 19.933244620999712,
                                    "children": [
                                        {
                                            "result_set_size": 0,
                                            "operator_timing": 0.341875021999999,
                                            "operator_rows_scanned": 0,
                                            "cumulative_rows_scanned": 270189241,
                                            "operator_cardinality": 0,
                                            "operator_type": "RIGHT_DELIM_JOIN",
                                            "cumulative_cardinality": 425314723,
                                            "extra_info": {
                                                "Join Type": "RIGHT_SEMI",
                                                "Conditions": [
                                                    "l_orderkey IS NOT DISTINCT FROM l_orderkey",
                                                    "l_suppkey IS NOT DISTINCT FROM l_suppkey"
                                                ],
                                                "Estimated Cardinality": "98740123",
                                                "Delim Index": "1"
                                            },
                                            "cpu_time": 11.210947704999686,
                                            "children": [
                                                {
                                                    "result_set_size": 41002360,
                                                    "operator_timing": 0.639035316999993,
                                                    "operator_rows_scanned": 0,
                                                    "cumulative_rows_scanned": 150194633,
                                                    "operator_cardinality": 1464370,
                                                    "operator_type": "HASH_JOIN",
                                                    "cumulative_cardinality": 290755572,
                                                    "extra_info": {
                                                        "Join Type": "INNER",
                                                        "Conditions": "o_orderkey = l_orderkey",
                                                        "Estimated Cardinality": "651984"
                                                    },
                                                    "cpu_time": 7.003116240999992,
                                                    "children": [
                                                        {
                                                            "result_set_size": 58468548,
                                                            "operator_timing": 0.3701487320000011,
                                                            "operator_rows_scanned": 30000000,
                                                            "cumulative_rows_scanned": 30000000,
                                                            "operator_cardinality": 14617137,
                                                            "operator_type": "TABLE_SCAN",
                                                            "cumulative_cardinality": 14617137,
                                                            "extra_info": {
                                                                "Text": "orders",
                                                                "Projections": "o_orderkey",
                                                                "Filters": "o_orderstatus='F' AND o_orderstatus IS NOT NULL",
                                                                "Estimated Cardinality": "10000000"
                                                            },
                                                            "cpu_time": 0.3701487320000011,
                                                            "children": []
                                                        },
                                                        {
                                                            "result_set_size": 84938840,
                                                            "operator_timing": 0.36946135899999577,
                                                            "operator_rows_scanned": 0,
                                                            "cumulative_rows_scanned": 120194633,
                                                            "operator_cardinality": 3033530,
                                                            "operator_type": "HASH_JOIN",
                                                            "cumulative_cardinality": 274674065,
                                                            "extra_info": {
                                                                "Join Type": "INNER",
                                                                "Conditions": "l_suppkey = s_suppkey",
                                                                "Build Min": "1",
                                                                "Build Max": "200000",
                                                                "Estimated Cardinality": "1863946"
                                                            },
                                                            "cpu_time": 5.993932191999998,
                                                            "children": [
                                                                {
                                                                    "result_set_size": 606712488,
                                                                    "operator_timing": 0.008026390999998795,
                                                                    "operator_rows_scanned": 0,
                                                                    "cumulative_rows_scanned": 119994608,
                                                                    "operator_cardinality": 75839061,
                                                                    "operator_type": "PROJECTION",
                                                                    "cumulative_cardinality": 271624566,
                                                                    "extra_info": {
                                                                        "Projections": [
                                                                            "l_orderkey",
                                                                            "l_suppkey"
                                                                        ],
                                                                        "Estimated Cardinality": "23998921"
                                                                    },
                                                                    "cpu_time": 5.613845404000002,
                                                                    "children": [
                                                                        {
                                                                            "result_set_size": 1213424976,
                                                                            "operator_timing": 0.8169340819999942,
                                                                            "operator_rows_scanned": 0,
                                                                            "cumulative_rows_scanned": 119994608,
                                                                            "operator_cardinality": 75839061,
                                                                            "operator_type": "FILTER",
                                                                            "cumulative_cardinality": 195785505,
                                                                            "extra_info": {
                                                                                "Expression": "(l_receiptdate > l_commitdate)",
                                                                                "Estimated Cardinality": "23998921"
                                                                            },
                                                                            "cpu_time": 5.605819013000003,
                                                                            "children": [
                                                                                {
                                                                                    "result_set_size": 1919143104,
                                                                                    "operator_timing": 4.788884931000009,
                                                                                    "operator_rows_scanned": 119994608,
                                                                                    "cumulative_rows_scanned": 119994608,
                                                                                    "operator_cardinality": 119946444,
                                                                                    "operator_type": "TABLE_SCAN",
                                                                                    "cumulative_cardinality": 119946444,
                                                                                    "extra_info": {
                                                                                        "Function": "PARQUET_SCAN",
                                                                                        "Projections": [
                                                                                            "l_orderkey",
                                                                                            "l_suppkey",
                                                                                            "l_commitdate",
                                                                                            "l_receiptdate"
                                                                                        ],
                                                                                        "Estimated Cardinality": "119994608"
                                                                                    },
                                                                                    "cpu_time": 4.788884931000009,
                                                                                    "children": []
                                                                                }
                                                                            ]
                                                                        }
                                                                    ]
                                                                },
                                                                {
                                                                    "result_set_size": 223552,
                                                                    "operator_timing": 0.00018794600000000006,
                                                                    "operator_rows_scanned": 0,
                                                                    "cumulative_rows_scanned": 200025,
                                                                    "operator_cardinality": 7984,
                                                                    "operator_type": "HASH_JOIN",
                                                                    "cumulative_cardinality": 15969,
                                                                    "extra_info": {
                                                                        "Join Type": "INNER",
                                                                        "Conditions": "s_nationkey = n_nationkey",
                                                                        "Build Min": "0",
                                                                        "Build Max": "24",
                                                                        "Estimated Cardinality": "15384"
                                                                    },
                                                                    "cpu_time": 0.010625429,
                                                                    "children": [
                                                                        {
                                                                            "result_set_size": 191616,
                                                                            "operator_timing": 0.010303014000000001,
                                                                            "operator_rows_scanned": 200000,
                                                                            "cumulative_rows_scanned": 200000,
                                                                            "operator_cardinality": 7984,
                                                                            "operator_type": "TABLE_SCAN",
                                                                            "cumulative_cardinality": 7984,
                                                                            "extra_info": {
                                                                                "Text": "supplier",
                                                                                "Projections": [
                                                                                    "s_suppkey",
                                                                                    "s_nationkey",
                                                                                    "s_name"
                                                                                ],
                                                                                "Estimated Cardinality": "200000"
                                                                            },
                                                                            "cpu_time": 0.010303014000000001,
                                                                            "children": []
                                                                        },
                                                                        {
                                                                            "result_set_size": 4,
                                                                            "operator_timing": 0.00013446900000000002,
                                                                            "operator_rows_scanned": 25,
                                                                            "cumulative_rows_scanned": 25,
                                                                            "operator_cardinality": 1,
                                                                            "operator_type": "TABLE_SCAN",
                                                                            "cumulative_cardinality": 1,
                                                                            "extra_info": {
                                                                                "Text": "nation",
                                                                                "Projections": "n_nationkey",
                                                                                "Filters": "n_name='SAUDI ARABIA' AND n_name IS NOT NULL",
                                                                                "Estimated Cardinality": "2"
                                                                            },
                                                                            "cpu_time": 0.00013446900000000002,
                                                                            "children": []
                                                                        }
                                                                    ]
                                                                }
                                                            ]
                                                        }
                                                    ]
                                                },
                                                {
                                                    "result_set_size": 39518164,
                                                    "operator_timing": 0.3103061039999997,
                                                    "operator_rows_scanned": 0,
                                                    "cumulative_rows_scanned": 119994608,
                                                    "operator_cardinality": 1411363,
                                                    "operator_type": "HASH_JOIN",
                                                    "cumulative_cardinality": 133094787,
                                                    "extra_info": {
                                                        "Join Type": "RIGHT_SEMI",
                                                        "Conditions": [
                                                            "l_orderkey IS NOT DISTINCT FROM l_orderkey",
                                                            "l_suppkey IS NOT DISTINCT FROM l_suppkey"
                                                        ],
                                                        "Estimated Cardinality": "98740123"
                                                    },
                                                    "cpu_time": 3.858430906999697,
                                                    "children": [
                                                        {
                                                            "result_set_size": 46755680,
                                                            "operator_timing": 0.007485865999998644,
                                                            "operator_rows_scanned": 0,
                                                            "cumulative_rows_scanned": 119994608,
                                                            "operator_cardinality": 5844460,
                                                            "operator_type": "PROJECTION",
                                                            "cumulative_cardinality": 131683424,
                                                            "extra_info": {
                                                                "Projections": [
                                                                    "l_orderkey",
                                                                    "l_suppkey"
                                                                ],
                                                                "Estimated Cardinality": "98740123"
                                                            },
                                                            "cpu_time": 3.5481248029996975,
                                                            "children": [
                                                                {
                                                                    "result_set_size": 93511360,
                                                                    "operator_timing": 1.2439088279997514,
                                                                    "operator_rows_scanned": 0,
                                                                    "cumulative_rows_scanned": 119994608,
                                                                    "operator_cardinality": 5844460,
                                                                    "operator_type": "HASH_JOIN",
                                                                    "cumulative_cardinality": 125838964,
                                                                    "extra_info": {
                                                                        "Join Type": "INNER",
                                                                        "Conditions": [
                                                                            "l_orderkey = l_orderkey",
                                                                            "l_suppkey != l_suppkey"
                                                                        ],
                                                                        "Estimated Cardinality": "98740123"
                                                                    },
                                                                    "cpu_time": 3.5406389369996987,
                                                                    "children": [
                                                                        {
                                                                            "result_set_size": 959956032,
                                                                            "operator_timing": 2.2967301089999475,
                                                                            "operator_rows_scanned": 119994608,
                                                                            "cumulative_rows_scanned": 119994608,
                                                                            "operator_cardinality": 119994504,
                                                                            "operator_type": "TABLE_SCAN",
                                                                            "cumulative_cardinality": 119994504,
                                                                            "extra_info": {
                                                                                "Function": "PARQUET_SCAN",
                                                                                "Projections": [
                                                                                    "l_orderkey",
                                                                                    "l_suppkey"
                                                                                ],
                                                                                "Estimated Cardinality": "119994608"
                                                                            },
                                                                            "cpu_time": 2.2967301089999475,
                                                                            "children": []
                                                                        },
                                                                        {
                                                                            "result_set_size": 0,
                                                                            "operator_timing": 0.0,
                                                                            "operator_rows_scanned": 0,
                                                                            "cumulative_rows_scanned": 0,
                                                                            "operator_cardinality": 0,
                                                                            "operator_type": "DELIM_SCAN",
                                                                            "cumulative_cardinality": 0,
                                                                            "extra_info": {
                                                                                "Delim Index": "1",
                                                                                "Estimated Cardinality": "325992"
                                                                            },
                                                                            "cpu_time": 0.0,
                                                                            "children": []
                                                                        }
                                                                    ]
                                                                }
                                                            ]
                                                        },
                                                        {
                                                            "result_set_size": 0,
                                                            "operator_timing": 0.0,
                                                            "operator_rows_scanned": 0,
                                                            "cumulative_rows_scanned": 0,
                                                            "operator_cardinality": 0,
                                                            "operator_type": "DUMMY_SCAN",
                                                            "cumulative_cardinality": 0,
                                                            "extra_info": {},
                                                            "cpu_time": 0.0,
                                                            "children": []
                                                        }
                                                    ]
                                                },
                                                {
                                                    "result_set_size": 11714912,
                                                    "operator_timing": 0.007525535000000003,
                                                    "operator_rows_scanned": 0,
                                                    "cumulative_rows_scanned": 0,
                                                    "operator_cardinality": 1464364,
                                                    "operator_type": "HASH_GROUP_BY",
                                                    "cumulative_cardinality": 1464364,
                                                    "extra_info": {
                                                        "Groups": [
                                                            "#1",
                                                            "#2"
                                                        ],
                                                        "Aggregates": "",
                                                        "Estimated Cardinality": "98740123"
                                                    },
                                                    "cpu_time": 0.007525535000000003,
                                                    "children": []
                                                }
                                            ]
                                        },
                                        {
                                            "result_set_size": 2225048,
                                            "operator_timing": 0.1407768649999999,
                                            "operator_rows_scanned": 0,
                                            "cumulative_rows_scanned": 119994608,
                                            "operator_cardinality": 79466,
                                            "operator_type": "HASH_JOIN",
                                            "cumulative_cardinality": 203323615,
                                            "extra_info": {
                                                "Join Type": "RIGHT_ANTI",
                                                "Conditions": [
                                                    "l_orderkey IS NOT DISTINCT FROM l_orderkey",
                                                    "l_suppkey IS NOT DISTINCT FROM l_suppkey"
                                                ],
                                                "Estimated Cardinality": "1184828193704181"
                                            },
                                            "cpu_time": 8.533227414000025,
                                            "children": [
                                                {
                                                    "result_set_size": 29520216,
                                                    "operator_timing": 0.0006791159999999991,
                                                    "operator_rows_scanned": 0,
                                                    "cumulative_rows_scanned": 119994608,
                                                    "operator_cardinality": 3690027,
                                                    "operator_type": "PROJECTION",
                                                    "cumulative_cardinality": 203244149,
                                                    "extra_info": {
                                                        "Projections": [
                                                            "l_orderkey",
                                                            "l_suppkey"
                                                        ],
                                                        "Estimated Cardinality": "1184828193704181"
                                                    },
                                                    "cpu_time": 8.392450549000026,
                                                    "children": [
                                                        {
                                                            "result_set_size": 59040432,
                                                            "operator_timing": 4.476400265999995,
                                                            "operator_rows_scanned": 0,
                                                            "cumulative_rows_scanned": 119994608,
                                                            "operator_cardinality": 3690027,
                                                            "operator_type": "HASH_JOIN",
                                                            "cumulative_cardinality": 199554122,
                                                            "extra_info": {
                                                                "Join Type": "INNER",
                                                                "Conditions": [
                                                                    "l_orderkey = l_orderkey",
                                                                    "l_suppkey != l_suppkey"
                                                                ],
                                                                "Estimated Cardinality": "1184828193704181"
                                                            },
                                                            "cpu_time": 8.391771433000025,
                                                            "children": [
                                                                {
                                                                    "result_set_size": 0,
                                                                    "operator_timing": 0.0,
                                                                    "operator_rows_scanned": 0,
                                                                    "cumulative_rows_scanned": 0,
                                                                    "operator_cardinality": 0,
                                                                    "operator_type": "DELIM_SCAN",
                                                                    "cumulative_cardinality": 0,
                                                                    "extra_info": {
                                                                        "Delim Index": "2",
                                                                        "Estimated Cardinality": "49370061"
                                                                    },
                                                                    "cpu_time": 0.0,
                                                                    "children": []
                                                                },
                                                                {
                                                                    "result_set_size": 1213911792,
                                                                    "operator_timing": 0.13993891899999977,
                                                                    "operator_rows_scanned": 0,
                                                                    "cumulative_rows_scanned": 119994608,
                                                                    "operator_cardinality": 75869487,
                                                                    "operator_type": "FILTER",
                                                                    "cumulative_cardinality": 195864095,
                                                                    "extra_info": {
                                                                        "Expression": "(l_receiptdate > l_commitdate)",
                                                                        "Estimated Cardinality": "23998921"
                                                                    },
                                                                    "cpu_time": 3.91537116700003,
                                                                    "children": [
                                                                        {
                                                                            "result_set_size": 1919913728,
                                                                            "operator_timing": 3.7754322480000306,
                                                                            "operator_rows_scanned": 119994608,
                                                                            "cumulative_rows_scanned": 119994608,
                                                                            "operator_cardinality": 119994608,
                                                                            "operator_type": "TABLE_SCAN",
                                                                            "cumulative_cardinality": 119994608,
                                                                            "extra_info": {
                                                                                "Function": "PARQUET_SCAN",
                                                                                "Projections": [
                                                                                    "l_orderkey",
                                                                                    "l_suppkey",
                                                                                    "l_commitdate",
                                                                                    "l_receiptdate"
                                                                                ],
                                                                                "Estimated Cardinality": "119994608"
                                                                            },
                                                                            "cpu_time": 3.7754322480000306,
                                                                            "children": []
                                                                        }
                                                                    ]
                                                                }
                                                            ]
                                                        }
                                                    ]
                                                },
                                                {
                                                    "result_set_size": 0,
                                                    "operator_timing": 0.0,
                                                    "operator_rows_scanned": 0,
                                                    "cumulative_rows_scanned": 0,
                                                    "operator_cardinality": 0,
                                                    "operator_type": "DUMMY_SCAN",
                                                    "cumulative_cardinality": 0,
                                                    "extra_info": {},
                                                    "cpu_time": 0.0,
                                                    "children": []
                                                }
                                            ]
                                        },
                                        {
                                            "result_set_size": 11290856,
                                            "operator_timing": 0.008431070000000008,
                                            "operator_rows_scanned": 0,
                                            "cumulative_rows_scanned": 0,
                                            "operator_cardinality": 1411357,
                                            "operator_type": "HASH_GROUP_BY",
                                            "cumulative_cardinality": 1411357,
                                            "extra_info": {
                                                "Groups": [
                                                    "#1",
                                                    "#2"
                                                ],
                                                "Aggregates": "",
                                                "Estimated Cardinality": "1184828193704181"
                                            },
                                            "cpu_time": 0.008431070000000008,
                                            "children": []
                                        }
                                    ]
                                }
                            ]
                        }
                    ]
                }
            ]
        }
    ]
}